<?xml version="1.0" encoding="UTF-8"?>
<!-- Generated by org.testng.reporters.JUnitXMLReporter -->
<testsuite ignored="1" hostname="IBM-25LDBY3" failures="1" tests="1" name="My Test" time="0.088" errors="0" timestamp="2024-10-09T14:56:25 IST">
  <testcase classname="com.practice.test.SelectTest" name="multiSelectTest" time="0.041">
    <failure type="java.lang.NullPointerException" message="Cannot invoke &amp;quot;org.openqa.selenium.WebDriver.get(String)&amp;quot; because &amp;quot;this.driver&amp;quot; is null">
      <![CDATA[java.lang.NullPointerException: Cannot invoke "org.openqa.selenium.WebDriver.get(String)" because "this.driver" is null
at com.practice.test.SelectTest.multiSelectTest(SelectTest.java:51)
at java.base/java.util.ArrayList.forEach(ArrayList.java:1597)
... Removed 25 stack frames]]>
    </failure>
  </testcase> <!-- multiSelectTest -->
  <testcase classname="com.practice.test.SelectTest" name="selectTest" time="0.0">
    <ignored/>
  </testcase> <!-- selectTest -->
</testsuite> <!-- My Test -->
