<?xml version="1.0" encoding="UTF-8"?>
<testng-results ignored="0" total="1" passed="1" failed="0" skipped="0">
  <reporter-output>
  </reporter-output>
  <suite started-at="2024-10-09T19:01:55 IST" name="Default suite" finished-at="2024-10-09T19:02:02 IST" duration-ms="6975">
    <groups>
    </groups>
    <test started-at="2024-10-09T19:01:55 IST" name="Default test" finished-at="2024-10-09T19:02:02 IST" duration-ms="6975">
      <class name="com.practice.test.windowHandlerTest">
        <test-method is-config="true" signature="setUp()[pri:0, instance:com.practice.test.windowHandlerTest@4c309d4d]" started-at="2024-10-09T19:01:51 IST" name="setUp" finished-at="2024-10-09T19:01:55 IST" duration-ms="4200" status="PASS">
          <reporter-output>
          </reporter-output>
        </test-method> <!-- setUp -->
        <test-method signature="activity5Test()[pri:0, instance:com.practice.test.windowHandlerTest@4c309d4d]" started-at="2024-10-09T19:01:55 IST" name="activity5Test" finished-at="2024-10-09T19:02:02 IST" duration-ms="6941" status="PASS">
          <reporter-output>
          </reporter-output>
        </test-method> <!-- activity5Test -->
        <test-method is-config="true" signature="tearDown()[pri:0, instance:com.practice.test.windowHandlerTest@4c309d4d]" started-at="2024-10-09T19:02:02 IST" name="tearDown" finished-at="2024-10-09T19:02:04 IST" duration-ms="1695" status="PASS">
          <reporter-output>
          </reporter-output>
        </test-method> <!-- tearDown -->
      </class> <!-- com.practice.test.windowHandlerTest -->
    </test> <!-- Default test -->
  </suite> <!-- Default suite -->
</testng-results>
